<!DOCTYPE html PUBLIC "-//W3C//DTD XHTML 1.1//EN" "http://www.w3.org/TR/xhtml11/DTD/xhtml11.dtd">
<html xmlns="http://www.w3.org/1999/xhtml"><head><title>TestNG Report</title><style type="text/css">table {margin-bottom:10px;border-collapse:collapse;empty-cells:show}th,td {border:1px solid #009;padding:.25em .5em}th {vertical-align:bottom}td {vertical-align:top}table a {font-weight:bold}.stripe td {background-color: #E6EBF9}.num {text-align:right}.passedodd td {background-color: #3F3}.passedeven td {background-color: #0A0}.skippedodd td {background-color: #DDD}.skippedeven td {background-color: #CCC}.failedodd td,.attn {background-color: #F33}.failedeven td,.stripe .attn {background-color: #D00}.stacktrace {white-space:pre;font-family:monospace}.totop {font-size:85%;text-align:center;border-bottom:2px solid #000}</style></head><body><table><tr><th>Test</th><th># Passed</th><th># Skipped</th><th># Failed</th><th>Time (ms)</th><th>Included Groups</th><th>Excluded Groups</th></tr><tr><th colspan="7">CalculatorTest</th></tr><tr><th colspan="7">CalculatorTest (0)</th></tr><tr><td><a href="#t0">TrigonometryTest</a></td><td class="num">9</td><td class="num">0</td><td class="num attn">9</td><td class="num">76</td><td></td><td>infinity</td></tr><tr class="stripe"><td><a href="#t1">PosOrNegTest</a></td><td class="num">10</td><td class="num">0</td><td class="num">0</td><td class="num">0</td><td></td><td></td></tr><tr><td><a href="#t2">MainFunctionsTest</a></td><td class="num">44</td><td class="num">0</td><td class="num attn">6</td><td class="num">31</td><td></td><td></td></tr><tr class="stripe"><td><a href="#t3">PowSqrtTest</a></td><td class="num">8</td><td class="num">0</td><td class="num attn">3</td><td class="num">16</td><td></td><td></td></tr><tr><td><a href="#t4">InfinityTest</a></td><td class="num">0</td><td class="num">0</td><td class="num attn">2</td><td class="num">0</td><td>infinity</td><td></td></tr><tr><th>Total</th><th class="num">71</th><th class="num">0</th><th class="num attn">20</th><th class="num">123</th><th colspan="2"></th></tr></table><table id='summary'><thead><tr><th>Class</th><th>Method</th><th>Start</th><th>Time (ms)</th></tr></thead><tbody><tr><th colspan="4">CalculatorTest</th></tr></tbody><tbody><tr><th colspan="4">CalculatorTest (0)</th></tr></tbody><tbody id="t0"><tr><th colspan="4">TrigonometryTest &#8212; failed</th></tr><tr class="failedeven"><td rowspan="4">testng.calculator.CosTest</td><td><a href="#m0">testCos</a></td><td rowspan="4">1496582827685</td><td rowspan="4">3</td></tr><tr class="failedeven"><td><a href="#m1">testCos</a></td></tr><tr class="failedeven"><td><a href="#m2">testCos</a></td></tr><tr class="failedeven"><td><a href="#m3">testCos</a></td></tr><tr class="failedodd"><td rowspan="3">testng.calculator.CtgTest</td><td><a href="#m4">testCtg</a></td><td rowspan="3">1496582827712</td><td rowspan="3">0</td></tr><tr class="failedodd"><td><a href="#m5">testCtg</a></td></tr><tr class="failedodd"><td><a href="#m6">testCtg</a></td></tr><tr class="failedeven"><td rowspan="2">testng.calculator.TgTest</td><td><a href="#m7">testTg</a></td><td rowspan="2">1496582827710</td><td rowspan="2">0</td></tr><tr class="failedeven"><td><a href="#m8">testTg</a></td></tr><tr><th colspan="4">TrigonometryTest &#8212; passed</th></tr><tr class="passedeven"><td rowspan="1">testng.calculator.CosTest</td><td><a href="#m9">testCos</a></td><td rowspan="1">1496582827690</td><td rowspan="1">0</td></tr><tr class="passedodd"><td rowspan="1">testng.calculator.CtgTest</td><td><a href="#m10">testCtg</a></td><td rowspan="1">1496582827713</td><td rowspan="1">0</td></tr><tr class="passedeven"><td rowspan="5">testng.calculator.SinTest</td><td><a href="#m11">testSin</a></td><td rowspan="5">1496582827709</td><td rowspan="5">0</td></tr><tr class="passedeven"><td><a href="#m12">testSin</a></td></tr><tr class="passedeven"><td><a href="#m13">testSin</a></td></tr><tr class="passedeven"><td><a href="#m14">testSin</a></td></tr><tr class="passedeven"><td><a href="#m15">testSin</a></td></tr><tr class="passedodd"><td rowspan="2">testng.calculator.TgTest</td><td><a href="#m16">testTg</a></td><td rowspan="2">1496582827710</td><td rowspan="2">0</td></tr><tr class="passedodd"><td><a href="#m17">testTg</a></td></tr></tbody><tbody id="t1"><tr><th colspan="4">PosOrNegTest &#8212; passed</th></tr><tr class="passedeven"><td rowspan="5">testng.calculator.IsNegativeTest</td><td><a href="#m18">testNegative</a></td><td rowspan="5">1496582827761</td><td rowspan="5">0</td></tr><tr class="passedeven"><td><a href="#m19">testNegative</a></td></tr><tr class="passedeven"><td><a href="#m20">testNegative</a></td></tr><tr class="passedeven"><td><a href="#m21">testNegative</a></td></tr><tr class="passedeven"><td><a href="#m22">testNegative</a></td></tr><tr class="passedodd"><td rowspan="5">testng.calculator.IsPosititveTest</td><td><a href="#m23">testPositive</a></td><td rowspan="5">1496582827761</td><td rowspan="5">0</td></tr><tr class="passedodd"><td><a href="#m24">testPositive</a></td></tr><tr class="passedodd"><td><a href="#m25">testPositive</a></td></tr><tr class="passedodd"><td><a href="#m26">testPositive</a></td></tr><tr class="passedodd"><td><a href="#m27">testPositive</a></td></tr></tbody><tbody id="t2"><tr><th colspan="4">MainFunctionsTest &#8212; failed</th></tr><tr class="failedeven"><td rowspan="1">testng.calculator.DivDoubleTest</td><td><a href="#m28">divByZero</a></td><td rowspan="1">1496582827808</td><td rowspan="1">0</td></tr><tr class="failedodd"><td rowspan="3">testng.calculator.MultDoubleTest</td><td><a href="#m29">testMultDouble</a></td><td rowspan="3">1496582827792</td><td rowspan="3">0</td></tr><tr class="failedodd"><td><a href="#m30">testMultDouble</a></td></tr><tr class="failedodd"><td><a href="#m31">testMultDouble</a></td></tr><tr class="failedeven"><td rowspan="1">testng.calculator.SubDoubleTest</td><td><a href="#m32">testSubDouble</a></td><td rowspan="1">1496582827792</td><td rowspan="1">0</td></tr><tr class="failedodd"><td rowspan="1">testng.calculator.SumDoubleTest</td><td><a href="#m33">testSumDouble</a></td><td rowspan="1">1496582827792</td><td rowspan="1">0</td></tr><tr><th colspan="4">MainFunctionsTest &#8212; passed</th></tr><tr class="passedeven"><td rowspan="5">testng.calculator.DivDoubleTest</td><td><a href="#m34">testDivDouble</a></td><td rowspan="5">1496582827792</td><td rowspan="5">0</td></tr><tr class="passedeven"><td><a href="#m35">testDivDouble</a></td></tr><tr class="passedeven"><td><a href="#m36">testDivDouble</a></td></tr><tr class="passedeven"><td><a href="#m37">testDivDouble</a></td></tr><tr class="passedeven"><td><a href="#m38">testDivDouble</a></td></tr><tr class="passedodd"><td rowspan="6">testng.calculator.DivLongTest</td><td><a href="#m39">divByZero</a></td><td rowspan="1">1496582827792</td><td rowspan="1">0</td></tr><tr class="passedodd"><td><a href="#m40">testDivLong</a></td><td rowspan="5">1496582827792</td><td rowspan="5">0</td></tr><tr class="passedodd"><td><a href="#m41">testDivLong</a></td></tr><tr class="passedodd"><td><a href="#m42">testDivLong</a></td></tr><tr class="passedodd"><td><a href="#m43">testDivLong</a></td></tr><tr class="passedodd"><td><a href="#m44">testDivLong</a></td></tr><tr class="passedeven"><td rowspan="3">testng.calculator.MultDoubleTest</td><td><a href="#m45">testMultDouble</a></td><td rowspan="3">1496582827808</td><td rowspan="3">0</td></tr><tr class="passedeven"><td><a href="#m46">testMultDouble</a></td></tr><tr class="passedeven"><td><a href="#m47">testMultDouble</a></td></tr><tr class="passedodd"><td rowspan="6">testng.calculator.MultLongTest</td><td><a href="#m48">testMultLong</a></td><td rowspan="6">1496582827808</td><td rowspan="6">0</td></tr><tr class="passedodd"><td><a href="#m49">testMultLong</a></td></tr><tr class="passedodd"><td><a href="#m50">testMultLong</a></td></tr><tr class="passedodd"><td><a href="#m51">testMultLong</a></td></tr><tr class="passedodd"><td><a href="#m52">testMultLong</a></td></tr><tr class="passedodd"><td><a href="#m53">testMultLong</a></td></tr><tr class="passedeven"><td rowspan="5">testng.calculator.SubDoubleTest</td><td><a href="#m54">testSubDouble</a></td><td rowspan="5">1496582827792</td><td rowspan="5">0</td></tr><tr class="passedeven"><td><a href="#m55">testSubDouble</a></td></tr><tr class="passedeven"><td><a href="#m56">testSubDouble</a></td></tr><tr class="passedeven"><td><a href="#m57">testSubDouble</a></td></tr><tr class="passedeven"><td><a href="#m58">testSubDouble</a></td></tr><tr class="passedodd"><td rowspan="6">testng.calculator.SubLongTest</td><td><a href="#m59">testSubLong</a></td><td rowspan="6">1496582827792</td><td rowspan="6">0</td></tr><tr class="passedodd"><td><a href="#m60">testSubLong</a></td></tr><tr class="passedodd"><td><a href="#m61">testSubLong</a></td></tr><tr class="passedodd"><td><a href="#m62">testSubLong</a></td></tr><tr class="passedodd"><td><a href="#m63">testSubLong</a></td></tr><tr class="passedodd"><td><a href="#m64">testSubLong</a></td></tr><tr class="passedeven"><td rowspan="5">testng.calculator.SumDoubleTest</td><td><a href="#m65">testSumDouble</a></td><td rowspan="5">1496582827792</td><td rowspan="5">0</td></tr><tr class="passedeven"><td><a href="#m66">testSumDouble</a></td></tr><tr class="passedeven"><td><a href="#m67">testSumDouble</a></td></tr><tr class="passedeven"><td><a href="#m68">testSumDouble</a></td></tr><tr class="passedeven"><td><a href="#m69">testSumDouble</a></td></tr><tr class="passedodd"><td rowspan="8">testng.calculator.SumLongTest</td><td><a href="#m70">testSum</a></td><td rowspan="7">1496582827792</td><td rowspan="7">0</td></tr><tr class="passedodd"><td><a href="#m71">testSum</a></td></tr><tr class="passedodd"><td><a href="#m72">testSum</a></td></tr><tr class="passedodd"><td><a href="#m73">testSum</a></td></tr><tr class="passedodd"><td><a href="#m74">testSum</a></td></tr><tr class="passedodd"><td><a href="#m75">testSum</a></td></tr><tr class="passedodd"><td><a href="#m76">testSum</a></td></tr><tr class="passedodd"><td><a href="#m77">testSumString</a></td><td rowspan="1">1496582827792</td><td rowspan="1">0</td></tr></tbody><tbody id="t3"><tr><th colspan="4">PowSqrtTest &#8212; failed</th></tr><tr class="failedeven"><td rowspan="2">testng.calculator.PowTest</td><td><a href="#m78">testPowDouble</a></td><td rowspan="2">1496582827830</td><td rowspan="2">0</td></tr><tr class="failedeven"><td><a href="#m79">testPowDouble</a></td></tr><tr class="failedodd"><td rowspan="1">testng.calculator.SqrtTest</td><td><a href="#m80">negativeArg</a></td><td rowspan="1">1496582827830</td><td rowspan="1">0</td></tr><tr><th colspan="4">PowSqrtTest &#8212; passed</th></tr><tr class="passedeven"><td rowspan="4">testng.calculator.PowTest</td><td><a href="#m81">testPowDouble</a></td><td rowspan="4">1496582827830</td><td rowspan="4">0</td></tr><tr class="passedeven"><td><a href="#m82">testPowDouble</a></td></tr><tr class="passedeven"><td><a href="#m83">testPowDouble</a></td></tr><tr class="passedeven"><td><a href="#m84">testPowDouble</a></td></tr><tr class="passedodd"><td rowspan="4">testng.calculator.SqrtTest</td><td><a href="#m85">testSqrtDouble</a></td><td rowspan="4">1496582827830</td><td rowspan="4">0</td></tr><tr class="passedodd"><td><a href="#m86">testSqrtDouble</a></td></tr><tr class="passedodd"><td><a href="#m87">testSqrtDouble</a></td></tr><tr class="passedodd"><td><a href="#m88">testSqrtDouble</a></td></tr></tbody><tbody id="t4"><tr><th colspan="4">InfinityTest &#8212; failed</th></tr><tr class="failedeven"><td rowspan="1">testng.calculator.CtgTest</td><td><a href="#m89">ctg0</a></td><td rowspan="1">1496582827846</td><td rowspan="1">0</td></tr><tr class="failedodd"><td rowspan="1">testng.calculator.TgTest</td><td><a href="#m90">tg90</a></td><td rowspan="1">1496582827846</td><td rowspan="1">0</td></tr></tbody></table><h2>TrigonometryTest</h2><h3 id="m0">testng.calculator.CosTest#testCos</h3><table class="result"><tr class="param"><th>Parameter #1</th><th>Parameter #2</th></tr><tr class="param stripe"><td>0.0</td><td>1.0</td></tr><tr><th colspan="2">Exception</th></tr><tr><td colspan="2"><div class="stacktrace">java.lang.AssertionError: expected [1.0] but found [0.0]
	at testng.calculator.CosTest.testCos(CosTest.java:15)
	at testng.runner.TestRunner.main(TestRunner.java:33)
	at com.intellij.rt.execution.application.AppMain.main(AppMain.java:147)
... Removed 32 stack frames</div></td></tr></table><p class="totop"><a href="#summary">back to summary</a></p><h3 id="m1">testng.calculator.CosTest#testCos</h3><table class="result"><tr class="param"><th>Parameter #1</th><th>Parameter #2</th></tr><tr class="param stripe"><td>30.0</td><td>0.866</td></tr><tr><th colspan="2">Exception</th></tr><tr><td colspan="2"><div class="stacktrace">java.lang.AssertionError: expected [0.866] but found [0.5]
	at testng.calculator.CosTest.testCos(CosTest.java:15)
	at testng.runner.TestRunner.main(TestRunner.java:33)
	at com.intellij.rt.execution.application.AppMain.main(AppMain.java:147)
... Removed 32 stack frames</div></td></tr></table><p class="totop"><a href="#summary">back to summary</a></p><h3 id="m2">testng.calculator.CosTest#testCos</h3><table class="result"><tr class="param"><th>Parameter #1</th><th>Parameter #2</th></tr><tr class="param stripe"><td>60.0</td><td>0.5</td></tr><tr><th colspan="2">Exception</th></tr><tr><td colspan="2"><div class="stacktrace">java.lang.AssertionError: expected [0.5] but found [0.866]
	at testng.calculator.CosTest.testCos(CosTest.java:15)
	at testng.runner.TestRunner.main(TestRunner.java:33)
	at com.intellij.rt.execution.application.AppMain.main(AppMain.java:147)
... Removed 32 stack frames</div></td></tr></table><p class="totop"><a href="#summary">back to summary</a></p><h3 id="m3">testng.calculator.CosTest#testCos</h3><table class="result"><tr class="param"><th>Parameter #1</th><th>Parameter #2</th></tr><tr class="param stripe"><td>90.0</td><td>0.0</td></tr><tr><th colspan="2">Exception</th></tr><tr><td colspan="2"><div class="stacktrace">java.lang.AssertionError: expected [0.0] but found [1.0]
	at testng.calculator.CosTest.testCos(CosTest.java:15)
	at testng.runner.TestRunner.main(TestRunner.java:33)
	at com.intellij.rt.execution.application.AppMain.main(AppMain.java:147)
... Removed 32 stack frames</div></td></tr></table><p class="totop"><a href="#summary">back to summary</a></p><h3 id="m4">testng.calculator.CtgTest#testCtg</h3><table class="result"><tr class="param"><th>Parameter #1</th><th>Parameter #2</th></tr><tr class="param stripe"><td>30.0</td><td>1.732</td></tr><tr><th colspan="2">Exception</th></tr><tr><td colspan="2"><div class="stacktrace">java.lang.AssertionError: expected [1.732] but found [1.0]
	at testng.calculator.CtgTest.testCtg(CtgTest.java:14)
	at testng.runner.TestRunner.main(TestRunner.java:33)
	at com.intellij.rt.execution.application.AppMain.main(AppMain.java:147)
... Removed 32 stack frames</div></td></tr></table><p class="totop"><a href="#summary">back to summary</a></p><h3 id="m5">testng.calculator.CtgTest#testCtg</h3><table class="result"><tr class="param"><th>Parameter #1</th><th>Parameter #2</th></tr><tr class="param stripe"><td>90.0</td><td>0.0</td></tr><tr><th colspan="2">Exception</th></tr><tr><td colspan="2"><div class="stacktrace">java.lang.AssertionError: expected [0.0] but found [1.0]
	at testng.calculator.CtgTest.testCtg(CtgTest.java:14)
	at testng.runner.TestRunner.main(TestRunner.java:33)
	at com.intellij.rt.execution.application.AppMain.main(AppMain.java:147)
... Removed 32 stack frames</div></td></tr></table><p class="totop"><a href="#summary">back to summary</a></p><h3 id="m6">testng.calculator.CtgTest#testCtg</h3><table class="result"><tr class="param"><th>Parameter #1</th><th>Parameter #2</th></tr><tr class="param stripe"><td>60.0</td><td>0.577</td></tr><tr><th colspan="2">Exception</th></tr><tr><td colspan="2"><div class="stacktrace">java.lang.AssertionError: expected [0.577] but found [1.0]
	at testng.calculator.CtgTest.testCtg(CtgTest.java:14)
	at testng.runner.TestRunner.main(TestRunner.java:33)
	at com.intellij.rt.execution.application.AppMain.main(AppMain.java:147)
... Removed 32 stack frames</div></td></tr></table><p class="totop"><a href="#summary">back to summary</a></p><h3 id="m7">testng.calculator.TgTest#testTg</h3><table class="result"><tr class="param"><th>Parameter #1</th><th>Parameter #2</th></tr><tr class="param stripe"><td>30.0</td><td>0.577</td></tr><tr><th colspan="2">Exception</th></tr><tr><td colspan="2"><div class="stacktrace">java.lang.AssertionError: expected [0.577] but found [1.0]
	at testng.calculator.TgTest.testTg(TgTest.java:14)
	at testng.runner.TestRunner.main(TestRunner.java:33)
	at com.intellij.rt.execution.application.AppMain.main(AppMain.java:147)
... Removed 32 stack frames</div></td></tr></table><p class="totop"><a href="#summary">back to summary</a></p><h3 id="m8">testng.calculator.TgTest#testTg</h3><table class="result"><tr class="param"><th>Parameter #1</th><th>Parameter #2</th></tr><tr class="param stripe"><td>60.0</td><td>1.732</td></tr><tr><th colspan="2">Exception</th></tr><tr><td colspan="2"><div class="stacktrace">java.lang.AssertionError: expected [1.732] but found [1.0]
	at testng.calculator.TgTest.testTg(TgTest.java:14)
	at testng.runner.TestRunner.main(TestRunner.java:33)
	at com.intellij.rt.execution.application.AppMain.main(AppMain.java:147)
... Removed 32 stack frames</div></td></tr></table><p class="totop"><a href="#summary">back to summary</a></p><h3 id="m9">testng.calculator.CosTest#testCos</h3><table class="result"><tr class="param"><th>Parameter #1</th><th>Parameter #2</th></tr><tr class="param stripe"><td>45.0</td><td>0.707</td></tr></table><p class="totop"><a href="#summary">back to summary</a></p><h3 id="m10">testng.calculator.CtgTest#testCtg</h3><table class="result"><tr class="param"><th>Parameter #1</th><th>Parameter #2</th></tr><tr class="param stripe"><td>45.0</td><td>1.0</td></tr></table><p class="totop"><a href="#summary">back to summary</a></p><h3 id="m11">testng.calculator.SinTest#testSin</h3><table class="result"><tr class="param"><th>Parameter #1</th><th>Parameter #2</th></tr><tr class="param stripe"><td>90.0</td><td>1.0</td></tr></table><p class="totop"><a href="#summary">back to summary</a></p><h3 id="m12">testng.calculator.SinTest#testSin</h3><table class="result"><tr class="param"><th>Parameter #1</th><th>Parameter #2</th></tr><tr class="param stripe"><td>30.0</td><td>0.5</td></tr></table><p class="totop"><a href="#summary">back to summary</a></p><h3 id="m13">testng.calculator.SinTest#testSin</h3><table class="result"><tr class="param"><th>Parameter #1</th><th>Parameter #2</th></tr><tr class="param stripe"><td>45.0</td><td>0.707</td></tr></table><p class="totop"><a href="#summary">back to summary</a></p><h3 id="m14">testng.calculator.SinTest#testSin</h3><table class="result"><tr class="param"><th>Parameter #1</th><th>Parameter #2</th></tr><tr class="param stripe"><td>60.0</td><td>0.866</td></tr></table><p class="totop"><a href="#summary">back to summary</a></p><h3 id="m15">testng.calculator.SinTest#testSin</h3><table class="result"><tr class="param"><th>Parameter #1</th><th>Parameter #2</th></tr><tr class="param stripe"><td>0.0</td><td>0.0</td></tr></table><p class="totop"><a href="#summary">back to summary</a></p><h3 id="m16">testng.calculator.TgTest#testTg</h3><table class="result"><tr class="param"><th>Parameter #1</th><th>Parameter #2</th></tr><tr class="param stripe"><td>0.0</td><td>0.0</td></tr></table><p class="totop"><a href="#summary">back to summary</a></p><h3 id="m17">testng.calculator.TgTest#testTg</h3><table class="result"><tr class="param"><th>Parameter #1</th><th>Parameter #2</th></tr><tr class="param stripe"><td>45.0</td><td>1.0</td></tr></table><p class="totop"><a href="#summary">back to summary</a></p><h2>PosOrNegTest</h2><h3 id="m18">testng.calculator.IsNegativeTest#testNegative</h3><table class="result"><tr class="param"><th>Parameter #1</th><th>Parameter #2</th></tr><tr class="param stripe"><td>10</td><td>false</td></tr></table><p class="totop"><a href="#summary">back to summary</a></p><h3 id="m19">testng.calculator.IsNegativeTest#testNegative</h3><table class="result"><tr class="param"><th>Parameter #1</th><th>Parameter #2</th></tr><tr class="param stripe"><td>2</td><td>false</td></tr></table><p class="totop"><a href="#summary">back to summary</a></p><h3 id="m20">testng.calculator.IsNegativeTest#testNegative</h3><table class="result"><tr class="param"><th>Parameter #1</th><th>Parameter #2</th></tr><tr class="param stripe"><td>0</td><td>false</td></tr></table><p class="totop"><a href="#summary">back to summary</a></p><h3 id="m21">testng.calculator.IsNegativeTest#testNegative</h3><table class="result"><tr class="param"><th>Parameter #1</th><th>Parameter #2</th></tr><tr class="param stripe"><td>1</td><td>false</td></tr></table><p class="totop"><a href="#summary">back to summary</a></p><h3 id="m22">testng.calculator.IsNegativeTest#testNegative</h3><table class="result"><tr class="param"><th>Parameter #1</th><th>Parameter #2</th></tr><tr class="param stripe"><td>-1</td><td>true</td></tr></table><p class="totop"><a href="#summary">back to summary</a></p><h3 id="m23">testng.calculator.IsPosititveTest#testPositive</h3><table class="result"><tr class="param"><th>Parameter #1</th><th>Parameter #2</th></tr><tr class="param stripe"><td>10</td><td>true</td></tr></table><p class="totop"><a href="#summary">back to summary</a></p><h3 id="m24">testng.calculator.IsPosititveTest#testPositive</h3><table class="result"><tr class="param"><th>Parameter #1</th><th>Parameter #2</th></tr><tr class="param stripe"><td>1</td><td>true</td></tr></table><p class="totop"><a href="#summary">back to summary</a></p><h3 id="m25">testng.calculator.IsPosititveTest#testPositive</h3><table class="result"><tr class="param"><th>Parameter #1</th><th>Parameter #2</th></tr><tr class="param stripe"><td>0</td><td>false</td></tr></table><p class="totop"><a href="#summary">back to summary</a></p><h3 id="m26">testng.calculator.IsPosititveTest#testPositive</h3><table class="result"><tr class="param"><th>Parameter #1</th><th>Parameter #2</th></tr><tr class="param stripe"><td>2</td><td>true</td></tr></table><p class="totop"><a href="#summary">back to summary</a></p><h3 id="m27">testng.calculator.IsPosititveTest#testPositive</h3><table class="result"><tr class="param"><th>Parameter #1</th><th>Parameter #2</th></tr><tr class="param stripe"><td>-1</td><td>false</td></tr></table><p class="totop"><a href="#summary">back to summary</a></p><h2>MainFunctionsTest</h2><h3 id="m28">testng.calculator.DivDoubleTest#divByZero</h3><table class="result"><tr><th>Exception</th></tr><tr><td><div class="stacktrace">org.testng.TestException: 
Method DivDoubleTest.divByZero()[pri:1, instance:testng.calculator.DivDoubleTest@66133adc] should have thrown an exception of type class java.lang.NumberFormatException
	at testng.runner.TestRunner.main(TestRunner.java:33)
	at com.intellij.rt.execution.application.AppMain.main(AppMain.java:147)
... Removed 24 stack frames</div></td></tr></table><p class="totop"><a href="#summary">back to summary</a></p><h3 id="m29">testng.calculator.MultDoubleTest#testMultDouble</h3><table class="result"><tr class="param"><th>Parameter #1</th><th>Parameter #2</th><th>Parameter #3</th></tr><tr class="param stripe"><td>2.1</td><td>-1.1</td><td>-2.31</td></tr><tr><th colspan="3">Exception</th></tr><tr><td colspan="3"><div class="stacktrace">java.lang.AssertionError: expected [-2.31] but found [-3.0]
	at testng.calculator.MultDoubleTest.testMultDouble(MultDoubleTest.java:14)
	at testng.runner.TestRunner.main(TestRunner.java:33)
	at com.intellij.rt.execution.application.AppMain.main(AppMain.java:147)
... Removed 32 stack frames</div></td></tr></table><p class="totop"><a href="#summary">back to summary</a></p><h3 id="m30">testng.calculator.MultDoubleTest#testMultDouble</h3><table class="result"><tr class="param"><th>Parameter #1</th><th>Parameter #2</th><th>Parameter #3</th></tr><tr class="param stripe"><td>1.555</td><td>1.0</td><td>1.555</td></tr><tr><th colspan="3">Exception</th></tr><tr><td colspan="3"><div class="stacktrace">java.lang.AssertionError: expected [1.555] but found [1.0]
	at testng.calculator.MultDoubleTest.testMultDouble(MultDoubleTest.java:14)
	at testng.runner.TestRunner.main(TestRunner.java:33)
	at com.intellij.rt.execution.application.AppMain.main(AppMain.java:147)
... Removed 32 stack frames</div></td></tr></table><p class="totop"><a href="#summary">back to summary</a></p><h3 id="m31">testng.calculator.MultDoubleTest#testMultDouble</h3><table class="result"><tr class="param"><th>Parameter #1</th><th>Parameter #2</th><th>Parameter #3</th></tr><tr class="param stripe"><td>-1.1</td><td>-1.1</td><td>1.21</td></tr><tr><th colspan="3">Exception</th></tr><tr><td colspan="3"><div class="stacktrace">java.lang.AssertionError: expected [1.21] but found [1.0]
	at testng.calculator.MultDoubleTest.testMultDouble(MultDoubleTest.java:14)
	at testng.runner.TestRunner.main(TestRunner.java:33)
	at com.intellij.rt.execution.application.AppMain.main(AppMain.java:147)
... Removed 32 stack frames</div></td></tr></table><p class="totop"><a href="#summary">back to summary</a></p><h3 id="m32">testng.calculator.SubDoubleTest#testSubDouble</h3><table class="result"><tr class="param"><th>Parameter #1</th><th>Parameter #2</th><th>Parameter #3</th></tr><tr class="param stripe"><td>1.5555</td><td>1.0</td><td>0.5555</td></tr><tr><th colspan="3">Exception</th></tr><tr><td colspan="3"><div class="stacktrace">java.lang.AssertionError: expected [0.5555] but found [0.5555000000000001]
	at testng.calculator.SubDoubleTest.testSubDouble(SubDoubleTest.java:14)
	at testng.runner.TestRunner.main(TestRunner.java:33)
	at com.intellij.rt.execution.application.AppMain.main(AppMain.java:147)
... Removed 32 stack frames</div></td></tr></table><p class="totop"><a href="#summary">back to summary</a></p><h3 id="m33">testng.calculator.SumDoubleTest#testSumDouble</h3><table class="result"><tr class="param"><th>Parameter #1</th><th>Parameter #2</th><th>Parameter #3</th></tr><tr class="param stripe"><td>1.5555</td><td>1.0</td><td>2.5555</td></tr><tr><th colspan="3">Exception</th></tr><tr><td colspan="3"><div class="stacktrace">java.lang.AssertionError: expected [2.5555] but found [2.5555000000000003]
	at testng.calculator.SumDoubleTest.testSumDouble(SumDoubleTest.java:16)
	at testng.runner.TestRunner.main(TestRunner.java:33)
	at com.intellij.rt.execution.application.AppMain.main(AppMain.java:147)
... Removed 32 stack frames</div></td></tr></table><p class="totop"><a href="#summary">back to summary</a></p><h3 id="m34">testng.calculator.DivDoubleTest#testDivDouble</h3><table class="result"><tr class="param"><th>Parameter #1</th><th>Parameter #2</th><th>Parameter #3</th></tr><tr class="param stripe"><td>20.8</td><td>2.0</td><td>10.4</td></tr></table><p class="totop"><a href="#summary">back to summary</a></p><h3 id="m35">testng.calculator.DivDoubleTest#testDivDouble</h3><table class="result"><tr class="param"><th>Parameter #1</th><th>Parameter #2</th><th>Parameter #3</th></tr><tr class="param stripe"><td>2.6</td><td>-1.0</td><td>-2.6</td></tr></table><p class="totop"><a href="#summary">back to summary</a></p><h3 id="m36">testng.calculator.DivDoubleTest#testDivDouble</h3><table class="result"><tr class="param"><th>Parameter #1</th><th>Parameter #2</th><th>Parameter #3</th></tr><tr class="param stripe"><td>-8.0</td><td>4.0</td><td>-2.0</td></tr></table><p class="totop"><a href="#summary">back to summary</a></p><h3 id="m37">testng.calculator.DivDoubleTest#testDivDouble</h3><table class="result"><tr class="param"><th>Parameter #1</th><th>Parameter #2</th><th>Parameter #3</th></tr><tr class="param stripe"><td>-4.0</td><td>-2.5</td><td>1.6</td></tr></table><p class="totop"><a href="#summary">back to summary</a></p><h3 id="m38">testng.calculator.DivDoubleTest#testDivDouble</h3><table class="result"><tr class="param"><th>Parameter #1</th><th>Parameter #2</th><th>Parameter #3</th></tr><tr class="param stripe"><td>20.0</td><td>2.0</td><td>10.0</td></tr></table><p class="totop"><a href="#summary">back to summary</a></p><h3 id="m39">testng.calculator.DivLongTest#divByZero</h3><table class="result"><tr><th>Expected Exception</th></tr><tr><td><div class="stacktrace">java.lang.NumberFormatException: Attempt to divide by zero
	at com.epam.tat.module4.Calculator.div(Calculator.java:34)
	at testng.calculator.DivLongTest.divByZero(DivLongTest.java:19)
	at testng.runner.TestRunner.main(TestRunner.java:33)
	at com.intellij.rt.execution.application.AppMain.main(AppMain.java:147)
... Removed 27 stack frames</div></td></tr></table><p class="totop"><a href="#summary">back to summary</a></p><h3 id="m40">testng.calculator.DivLongTest#testDivLong</h3><table class="result"><tr class="param"><th>Parameter #1</th><th>Parameter #2</th><th>Parameter #3</th></tr><tr class="param stripe"><td>2</td><td>-1</td><td>-2</td></tr></table><p class="totop"><a href="#summary">back to summary</a></p><h3 id="m41">testng.calculator.DivLongTest#testDivLong</h3><table class="result"><tr class="param"><th>Parameter #1</th><th>Parameter #2</th><th>Parameter #3</th></tr><tr class="param stripe"><td>20</td><td>2</td><td>10</td></tr></table><p class="totop"><a href="#summary">back to summary</a></p><h3 id="m42">testng.calculator.DivLongTest#testDivLong</h3><table class="result"><tr class="param"><th>Parameter #1</th><th>Parameter #2</th><th>Parameter #3</th></tr><tr class="param stripe"><td>-8</td><td>4</td><td>-2</td></tr></table><p class="totop"><a href="#summary">back to summary</a></p><h3 id="m43">testng.calculator.DivLongTest#testDivLong</h3><table class="result"><tr class="param"><th>Parameter #1</th><th>Parameter #2</th><th>Parameter #3</th></tr><tr class="param stripe"><td>2000</td><td>1000</td><td>2</td></tr></table><p class="totop"><a href="#summary">back to summary</a></p><h3 id="m44">testng.calculator.DivLongTest#testDivLong</h3><table class="result"><tr class="param"><th>Parameter #1</th><th>Parameter #2</th><th>Parameter #3</th></tr><tr class="param stripe"><td>-4</td><td>-2</td><td>2</td></tr></table><p class="totop"><a href="#summary">back to summary</a></p><h3 id="m45">testng.calculator.MultDoubleTest#testMultDouble</h3><table class="result"><tr class="param"><th>Parameter #1</th><th>Parameter #2</th><th>Parameter #3</th></tr><tr class="param stripe"><td>20.0</td><td>1.5</td><td>30.0</td></tr></table><p class="totop"><a href="#summary">back to summary</a></p><h3 id="m46">testng.calculator.MultDoubleTest#testMultDouble</h3><table class="result"><tr class="param"><th>Parameter #1</th><th>Parameter #2</th><th>Parameter #3</th></tr><tr class="param stripe"><td>0.0</td><td>0.0</td><td>0.0</td></tr></table><p class="totop"><a href="#summary">back to summary</a></p><h3 id="m47">testng.calculator.MultDoubleTest#testMultDouble</h3><table class="result"><tr class="param"><th>Parameter #1</th><th>Parameter #2</th><th>Parameter #3</th></tr><tr class="param stripe"><td>2.0</td><td>1.0</td><td>2.0</td></tr></table><p class="totop"><a href="#summary">back to summary</a></p><h3 id="m48">testng.calculator.MultLongTest#testMultLong</h3><table class="result"><tr class="param"><th>Parameter #1</th><th>Parameter #2</th><th>Parameter #3</th></tr><tr class="param stripe"><td>20</td><td>2</td><td>40</td></tr></table><p class="totop"><a href="#summary">back to summary</a></p><h3 id="m49">testng.calculator.MultLongTest#testMultLong</h3><table class="result"><tr class="param"><th>Parameter #1</th><th>Parameter #2</th><th>Parameter #3</th></tr><tr class="param stripe"><td>0</td><td>0</td><td>0</td></tr></table><p class="totop"><a href="#summary">back to summary</a></p><h3 id="m50">testng.calculator.MultLongTest#testMultLong</h3><table class="result"><tr class="param"><th>Parameter #1</th><th>Parameter #2</th><th>Parameter #3</th></tr><tr class="param stripe"><td>-1</td><td>-2</td><td>2</td></tr></table><p class="totop"><a href="#summary">back to summary</a></p><h3 id="m51">testng.calculator.MultLongTest#testMultLong</h3><table class="result"><tr class="param"><th>Parameter #1</th><th>Parameter #2</th><th>Parameter #3</th></tr><tr class="param stripe"><td>1500</td><td>2</td><td>3000</td></tr></table><p class="totop"><a href="#summary">back to summary</a></p><h3 id="m52">testng.calculator.MultLongTest#testMultLong</h3><table class="result"><tr class="param"><th>Parameter #1</th><th>Parameter #2</th><th>Parameter #3</th></tr><tr class="param stripe"><td>-1</td><td>0</td><td>0</td></tr></table><p class="totop"><a href="#summary">back to summary</a></p><h3 id="m53">testng.calculator.MultLongTest#testMultLong</h3><table class="result"><tr class="param"><th>Parameter #1</th><th>Parameter #2</th><th>Parameter #3</th></tr><tr class="param stripe"><td>2</td><td>-1</td><td>-2</td></tr></table><p class="totop"><a href="#summary">back to summary</a></p><h3 id="m54">testng.calculator.SubDoubleTest#testSubDouble</h3><table class="result"><tr class="param"><th>Parameter #1</th><th>Parameter #2</th><th>Parameter #3</th></tr><tr class="param stripe"><td>-1.1</td><td>-1.1</td><td>0.0</td></tr></table><p class="totop"><a href="#summary">back to summary</a></p><h3 id="m55">testng.calculator.SubDoubleTest#testSubDouble</h3><table class="result"><tr class="param"><th>Parameter #1</th><th>Parameter #2</th><th>Parameter #3</th></tr><tr class="param stripe"><td>20.0</td><td>1.5</td><td>18.5</td></tr></table><p class="totop"><a href="#summary">back to summary</a></p><h3 id="m56">testng.calculator.SubDoubleTest#testSubDouble</h3><table class="result"><tr class="param"><th>Parameter #1</th><th>Parameter #2</th><th>Parameter #3</th></tr><tr class="param stripe"><td>2.0</td><td>1.0</td><td>1.0</td></tr></table><p class="totop"><a href="#summary">back to summary</a></p><h3 id="m57">testng.calculator.SubDoubleTest#testSubDouble</h3><table class="result"><tr class="param"><th>Parameter #1</th><th>Parameter #2</th><th>Parameter #3</th></tr><tr class="param stripe"><td>2.1</td><td>-1.1</td><td>3.2</td></tr></table><p class="totop"><a href="#summary">back to summary</a></p><h3 id="m58">testng.calculator.SubDoubleTest#testSubDouble</h3><table class="result"><tr class="param"><th>Parameter #1</th><th>Parameter #2</th><th>Parameter #3</th></tr><tr class="param stripe"><td>0.0</td><td>0.0</td><td>0.0</td></tr></table><p class="totop"><a href="#summary">back to summary</a></p><h3 id="m59">testng.calculator.SubLongTest#testSubLong</h3><table class="result"><tr class="param"><th>Parameter #1</th><th>Parameter #2</th><th>Parameter #3</th></tr><tr class="param stripe"><td>-1</td><td>-2</td><td>1</td></tr></table><p class="totop"><a href="#summary">back to summary</a></p><h3 id="m60">testng.calculator.SubLongTest#testSubLong</h3><table class="result"><tr class="param"><th>Parameter #1</th><th>Parameter #2</th><th>Parameter #3</th></tr><tr class="param stripe"><td>2</td><td>1</td><td>1</td></tr></table><p class="totop"><a href="#summary">back to summary</a></p><h3 id="m61">testng.calculator.SubLongTest#testSubLong</h3><table class="result"><tr class="param"><th>Parameter #1</th><th>Parameter #2</th><th>Parameter #3</th></tr><tr class="param stripe"><td>1500</td><td>2500</td><td>-1000</td></tr></table><p class="totop"><a href="#summary">back to summary</a></p><h3 id="m62">testng.calculator.SubLongTest#testSubLong</h3><table class="result"><tr class="param"><th>Parameter #1</th><th>Parameter #2</th><th>Parameter #3</th></tr><tr class="param stripe"><td>2</td><td>-1</td><td>3</td></tr></table><p class="totop"><a href="#summary">back to summary</a></p><h3 id="m63">testng.calculator.SubLongTest#testSubLong</h3><table class="result"><tr class="param"><th>Parameter #1</th><th>Parameter #2</th><th>Parameter #3</th></tr><tr class="param stripe"><td>20</td><td>15</td><td>5</td></tr></table><p class="totop"><a href="#summary">back to summary</a></p><h3 id="m64">testng.calculator.SubLongTest#testSubLong</h3><table class="result"><tr class="param"><th>Parameter #1</th><th>Parameter #2</th><th>Parameter #3</th></tr><tr class="param stripe"><td>0</td><td>0</td><td>0</td></tr></table><p class="totop"><a href="#summary">back to summary</a></p><h3 id="m65">testng.calculator.SumDoubleTest#testSumDouble</h3><table class="result"><tr class="param"><th>Parameter #1</th><th>Parameter #2</th><th>Parameter #3</th></tr><tr class="param stripe"><td>2.5</td><td>2.5</td><td>5.0</td></tr></table><p class="totop"><a href="#summary">back to summary</a></p><h3 id="m66">testng.calculator.SumDoubleTest#testSumDouble</h3><table class="result"><tr class="param"><th>Parameter #1</th><th>Parameter #2</th><th>Parameter #3</th></tr><tr class="param stripe"><td>0.0</td><td>0.0</td><td>0.0</td></tr></table><p class="totop"><a href="#summary">back to summary</a></p><h3 id="m67">testng.calculator.SumDoubleTest#testSumDouble</h3><table class="result"><tr class="param"><th>Parameter #1</th><th>Parameter #2</th><th>Parameter #3</th></tr><tr class="param stripe"><td>-1.5</td><td>-1.6</td><td>-3.1</td></tr></table><p class="totop"><a href="#summary">back to summary</a></p><h3 id="m68">testng.calculator.SumDoubleTest#testSumDouble</h3><table class="result"><tr class="param"><th>Parameter #1</th><th>Parameter #2</th><th>Parameter #3</th></tr><tr class="param stripe"><td>2.1</td><td>-1.1</td><td>1.0</td></tr></table><p class="totop"><a href="#summary">back to summary</a></p><h3 id="m69">testng.calculator.SumDoubleTest#testSumDouble</h3><table class="result"><tr class="param"><th>Parameter #1</th><th>Parameter #2</th><th>Parameter #3</th></tr><tr class="param stripe"><td>1.0</td><td>1.0</td><td>2.0</td></tr></table><p class="totop"><a href="#summary">back to summary</a></p><h3 id="m70">testng.calculator.SumLongTest#testSum</h3><table class="result"><tr class="param"><th>Parameter #1</th><th>Parameter #2</th><th>Parameter #3</th></tr><tr class="param stripe"><td>-5</td><td>2</td><td>-3</td></tr></table><p class="totop"><a href="#summary">back to summary</a></p><h3 id="m71">testng.calculator.SumLongTest#testSum</h3><table class="result"><tr class="param"><th>Parameter #1</th><th>Parameter #2</th><th>Parameter #3</th></tr><tr class="param stripe"><td>2</td><td>2</td><td>4</td></tr></table><p class="totop"><a href="#summary">back to summary</a></p><h3 id="m72">testng.calculator.SumLongTest#testSum</h3><table class="result"><tr class="param"><th>Parameter #1</th><th>Parameter #2</th><th>Parameter #3</th></tr><tr class="param stripe"><td>1</td><td>1</td><td>2</td></tr></table><p class="totop"><a href="#summary">back to summary</a></p><h3 id="m73">testng.calculator.SumLongTest#testSum</h3><table class="result"><tr class="param"><th>Parameter #1</th><th>Parameter #2</th><th>Parameter #3</th></tr><tr class="param stripe"><td>2</td><td>-1</td><td>1</td></tr></table><p class="totop"><a href="#summary">back to summary</a></p><h3 id="m74">testng.calculator.SumLongTest#testSum</h3><table class="result"><tr class="param"><th>Parameter #1</th><th>Parameter #2</th><th>Parameter #3</th></tr><tr class="param stripe"><td>0</td><td>0</td><td>0</td></tr></table><p class="totop"><a href="#summary">back to summary</a></p><h3 id="m75">testng.calculator.SumLongTest#testSum</h3><table class="result"><tr class="param"><th>Parameter #1</th><th>Parameter #2</th><th>Parameter #3</th></tr><tr class="param stripe"><td>-1</td><td>-1</td><td>-2</td></tr></table><p class="totop"><a href="#summary">back to summary</a></p><h3 id="m76">testng.calculator.SumLongTest#testSum</h3><table class="result"><tr class="param"><th>Parameter #1</th><th>Parameter #2</th><th>Parameter #3</th></tr><tr class="param stripe"><td>5000</td><td>5000</td><td>10000</td></tr></table><p class="totop"><a href="#summary">back to summary</a></p><h3 id="m77">testng.calculator.SumLongTest#testSumString</h3><table class="result"></table><p class="totop"><a href="#summary">back to summary</a></p><h2>PowSqrtTest</h2><h3 id="m78">testng.calculator.PowTest#testPowDouble</h3><table class="result"><tr class="param"><th>Parameter #1</th><th>Parameter #2</th><th>Parameter #3</th></tr><tr class="param stripe"><td>81.0</td><td>0.25</td><td>3.0</td></tr><tr><th colspan="3">Exception</th></tr><tr><td colspan="3"><div class="stacktrace">java.lang.AssertionError: expected [3.0] but found [1.0]
	at testng.calculator.PowTest.testPowDouble(PowTest.java:14)
	at testng.runner.TestRunner.main(TestRunner.java:33)
	at com.intellij.rt.execution.application.AppMain.main(AppMain.java:147)
... Removed 32 stack frames</div></td></tr></table><p class="totop"><a href="#summary">back to summary</a></p><h3 id="m79">testng.calculator.PowTest#testPowDouble</h3><table class="result"><tr class="param"><th>Parameter #1</th><th>Parameter #2</th><th>Parameter #3</th></tr><tr class="param stripe"><td>-2.2</td><td>2.0</td><td>4.84</td></tr><tr><th colspan="3">Exception</th></tr><tr><td colspan="3"><div class="stacktrace">java.lang.AssertionError: expected [4.84] but found [4.840000000000001]
	at testng.calculator.PowTest.testPowDouble(PowTest.java:14)
	at testng.runner.TestRunner.main(TestRunner.java:33)
	at com.intellij.rt.execution.application.AppMain.main(AppMain.java:147)
... Removed 32 stack frames</div></td></tr></table><p class="totop"><a href="#summary">back to summary</a></p><h3 id="m80">testng.calculator.SqrtTest#negativeArg</h3><table class="result"><tr><th>Exception</th></tr><tr><td><div class="stacktrace">org.testng.TestException: 
Method SqrtTest.negativeArg()[pri:0, instance:testng.calculator.SqrtTest@4f4a7090] should have thrown an exception of type class java.lang.NumberFormatException
	at testng.runner.TestRunner.main(TestRunner.java:33)
	at com.intellij.rt.execution.application.AppMain.main(AppMain.java:147)
... Removed 24 stack frames</div></td></tr></table><p class="totop"><a href="#summary">back to summary</a></p><h3 id="m81">testng.calculator.PowTest#testPowDouble</h3><table class="result"><tr class="param"><th>Parameter #1</th><th>Parameter #2</th><th>Parameter #3</th></tr><tr class="param stripe"><td>2.0</td><td>1.0</td><td>2.0</td></tr></table><p class="totop"><a href="#summary">back to summary</a></p><h3 id="m82">testng.calculator.PowTest#testPowDouble</h3><table class="result"><tr class="param"><th>Parameter #1</th><th>Parameter #2</th><th>Parameter #3</th></tr><tr class="param stripe"><td>-2.0</td><td>2.0</td><td>4.0</td></tr></table><p class="totop"><a href="#summary">back to summary</a></p><h3 id="m83">testng.calculator.PowTest#testPowDouble</h3><table class="result"><tr class="param"><th>Parameter #1</th><th>Parameter #2</th><th>Parameter #3</th></tr><tr class="param stripe"><td>2.0</td><td>-1.0</td><td>0.5</td></tr></table><p class="totop"><a href="#summary">back to summary</a></p><h3 id="m84">testng.calculator.PowTest#testPowDouble</h3><table class="result"><tr class="param"><th>Parameter #1</th><th>Parameter #2</th><th>Parameter #3</th></tr><tr class="param stripe"><td>25.0</td><td>0.0</td><td>1.0</td></tr></table><p class="totop"><a href="#summary">back to summary</a></p><h3 id="m85">testng.calculator.SqrtTest#testSqrtDouble</h3><table class="result"><tr class="param"><th>Parameter #1</th><th>Parameter #2</th></tr><tr class="param stripe"><td>4.0</td><td>2.0</td></tr></table><p class="totop"><a href="#summary">back to summary</a></p><h3 id="m86">testng.calculator.SqrtTest#testSqrtDouble</h3><table class="result"><tr class="param"><th>Parameter #1</th><th>Parameter #2</th></tr><tr class="param stripe"><td>0.0</td><td>0.0</td></tr></table><p class="totop"><a href="#summary">back to summary</a></p><h3 id="m87">testng.calculator.SqrtTest#testSqrtDouble</h3><table class="result"><tr class="param"><th>Parameter #1</th><th>Parameter #2</th></tr><tr class="param stripe"><td>1.21</td><td>1.1</td></tr></table><p class="totop"><a href="#summary">back to summary</a></p><h3 id="m88">testng.calculator.SqrtTest#testSqrtDouble</h3><table class="result"><tr class="param"><th>Parameter #1</th><th>Parameter #2</th></tr><tr class="param stripe"><td>156.25</td><td>12.5</td></tr></table><p class="totop"><a href="#summary">back to summary</a></p><h2>InfinityTest</h2><h3 id="m89">testng.calculator.CtgTest#ctg0</h3><table class="result"><tr><th>Exception</th></tr><tr><td><div class="stacktrace">java.lang.NullPointerException
	at testng.calculator.CtgTest.ctg0(CtgTest.java:31)
	at testng.runner.TestRunner.main(TestRunner.java:33)
	at com.intellij.rt.execution.application.AppMain.main(AppMain.java:147)
... Removed 27 stack frames</div></td></tr></table><p class="totop"><a href="#summary">back to summary</a></p><h3 id="m90">testng.calculator.TgTest#tg90</h3><table class="result"><tr><th>Exception</th></tr><tr><td><div class="stacktrace">java.lang.NullPointerException
	at testng.calculator.TgTest.tg90(TgTest.java:31)
	at testng.runner.TestRunner.main(TestRunner.java:33)
	at com.intellij.rt.execution.application.AppMain.main(AppMain.java:147)
... Removed 27 stack frames</div></td></tr></table><p class="totop"><a href="#summary">back to summary</a></p></body></html>