<html>
<head>
<title>TestNG:  MainFunctionsTest</title>
<link href="../testng.css" rel="stylesheet" type="text/css" />
<link href="../my-testng.css" rel="stylesheet" type="text/css" />

<style type="text/css">
.log { display: none;} 
.stack-trace { display: none;} 
</style>
<script type="text/javascript">
<!--
function flip(e) {
  current = e.style.display;
  if (current == 'block') {
    e.style.display = 'none';
    return 0;
  }
  else {
    e.style.display = 'block';
    return 1;
  }
}

function toggleBox(szDivId, elem, msg1, msg2)
{
  var res = -1;  if (document.getElementById) {
    res = flip(document.getElementById(szDivId));
  }
  else if (document.all) {
    // this is the way old msie versions work
    res = flip(document.all[szDivId]);
  }
  if(elem) {
    if(res == 0) elem.innerHTML = msg1; else elem.innerHTML = msg2;
  }

}

function toggleAllBoxes() {
  if (document.getElementsByTagName) {
    d = document.getElementsByTagName('div');
    for (i = 0; i < d.length; i++) {
      if (d[i].className == 'log') {
        flip(d[i]);
      }
    }
  }
}

// -->
</script>

</head>
<body>
<h2 align='center'>MainFunctionsTest</h2><table border='1' align="center">
<tr>
<td>Tests passed/Failed/Skipped:</td><td>38/6/0</td>
</tr><tr>
<td>Started on:</td><td>Mon Jun 05 16:20:04 MSK 2017</td>
</tr>
<tr><td>Total time:</td><td>0 seconds (11 ms)</td>
</tr><tr>
<td>Included groups:</td><td></td>
</tr><tr>
<td>Excluded groups:</td><td></td>
</tr>
</table><p/>
<small><i>(Hover the method name to see the test class name)</i></small><p/>
<table width='100%' border='1' class='invocation-failed'>
<tr><td colspan='4' align='center'><b>FAILED TESTS</b></td></tr>
<tr><td><b>Test method</b></td>
<td width="30%"><b>Exception</b></td>
<td width="10%"><b>Time (seconds)</b></td>
<td><b>Instance</b></td>
</tr>
<tr>
<td title='testng.calculator.DivDoubleTest.divByZero()'><b>divByZero</b><br>Test class: testng.calculator.DivDoubleTest</td>
<td><div><pre>org.testng.TestException: 
Method DivDoubleTest.divByZero()[pri:1, instance:testng.calculator.DivDoubleTest@5479e3f] should have thrown an exception of type class java.lang.NumberFormatException
	at testng.runner.TestRunner.main(TestRunner.java:33)
... Removed 20 stack frames</pre></div><a href='#' onClick='toggleBox("stack-trace853993923", this, "Click to show all stack frames", "Click to hide stack frames")'>Click to show all stack frames</a>
<div class='stack-trace' id='stack-trace853993923'><pre>org.testng.TestException: 
Method DivDoubleTest.divByZero()[pri:1, instance:testng.calculator.DivDoubleTest@5479e3f] should have thrown an exception of type class java.lang.NumberFormatException
	at org.testng.internal.ExpectedExceptionsHolder.noException(ExpectedExceptionsHolder.java:89)
	at org.testng.internal.Invoker.handleInvocationResults(Invoker.java:1416)
	at org.testng.internal.Invoker.invokeMethod(Invoker.java:695)
	at org.testng.internal.Invoker.invokeTestMethod(Invoker.java:869)
	at org.testng.internal.Invoker.invokeTestMethods(Invoker.java:1193)
	at org.testng.internal.TestMethodWorker.invokeTestMethods(TestMethodWorker.java:126)
	at org.testng.internal.TestMethodWorker.run(TestMethodWorker.java:109)
	at org.testng.TestRunner.privateRun(TestRunner.java:744)
	at org.testng.TestRunner.run(TestRunner.java:602)
	at org.testng.SuiteRunner.runTest(SuiteRunner.java:380)
	at org.testng.SuiteRunner.runSequentially(SuiteRunner.java:375)
	at org.testng.SuiteRunner.privateRun(SuiteRunner.java:340)
	at org.testng.SuiteRunner.run(SuiteRunner.java:289)
	at org.testng.SuiteRunnerWorker.runSuite(SuiteRunnerWorker.java:52)
	at org.testng.SuiteRunnerWorker.run(SuiteRunnerWorker.java:86)
	at org.testng.TestNG.runSuitesSequentially(TestNG.java:1301)
	at org.testng.TestNG.runSuitesSequentially(TestNG.java:1297)
	at org.testng.TestNG.runSuitesLocally(TestNG.java:1226)
	at org.testng.TestNG.runSuites(TestNG.java:1144)
	at org.testng.TestNG.run(TestNG.java:1115)
	at testng.runner.TestRunner.main(TestRunner.java:33)
</pre></div></td>
<td>0</td>
<td>testng.calculator.DivDoubleTest@5479e3f</td></tr>
<tr>
<td title='testng.calculator.MultDoubleTest.testMultDouble()'><b>testMultDouble</b><br>Test class: testng.calculator.MultDoubleTest<br>Parameters: -1.1, -1.1, 1.21</td>
<td><div><pre>java.lang.AssertionError: expected [1.21] but found [1.0]
	at testng.calculator.MultDoubleTest.testMultDouble(MultDoubleTest.java:14)
	at testng.runner.TestRunner.main(TestRunner.java:33)
... Removed 28 stack frames</pre></div><a href='#' onClick='toggleBox("stack-trace2091156596", this, "Click to show all stack frames", "Click to hide stack frames")'>Click to show all stack frames</a>
<div class='stack-trace' id='stack-trace2091156596'><pre>java.lang.AssertionError: expected [1.21] but found [1.0]
	at org.testng.Assert.fail(Assert.java:93)
	at org.testng.Assert.failNotEquals(Assert.java:512)
	at org.testng.Assert.assertEqualsImpl(Assert.java:134)
	at org.testng.Assert.assertEquals(Assert.java:115)
	at org.testng.Assert.assertEquals(Assert.java:178)
	at testng.calculator.MultDoubleTest.testMultDouble(MultDoubleTest.java:14)
	at sun.reflect.NativeMethodAccessorImpl.invoke0(Native Method)
	at sun.reflect.NativeMethodAccessorImpl.invoke(NativeMethodAccessorImpl.java:62)
	at sun.reflect.DelegatingMethodAccessorImpl.invoke(DelegatingMethodAccessorImpl.java:43)
	at java.lang.reflect.Method.invoke(Method.java:498)
	at org.testng.internal.MethodInvocationHelper.invokeMethod(MethodInvocationHelper.java:108)
	at org.testng.internal.Invoker.invokeMethod(Invoker.java:661)
	at org.testng.internal.Invoker.invokeTestMethod(Invoker.java:869)
	at org.testng.internal.Invoker.invokeTestMethods(Invoker.java:1193)
	at org.testng.internal.TestMethodWorker.invokeTestMethods(TestMethodWorker.java:126)
	at org.testng.internal.TestMethodWorker.run(TestMethodWorker.java:109)
	at org.testng.TestRunner.privateRun(TestRunner.java:744)
	at org.testng.TestRunner.run(TestRunner.java:602)
	at org.testng.SuiteRunner.runTest(SuiteRunner.java:380)
	at org.testng.SuiteRunner.runSequentially(SuiteRunner.java:375)
	at org.testng.SuiteRunner.privateRun(SuiteRunner.java:340)
	at org.testng.SuiteRunner.run(SuiteRunner.java:289)
	at org.testng.SuiteRunnerWorker.runSuite(SuiteRunnerWorker.java:52)
	at org.testng.SuiteRunnerWorker.run(SuiteRunnerWorker.java:86)
	at org.testng.TestNG.runSuitesSequentially(TestNG.java:1301)
	at org.testng.TestNG.runSuitesSequentially(TestNG.java:1297)
	at org.testng.TestNG.runSuitesLocally(TestNG.java:1226)
	at org.testng.TestNG.runSuites(TestNG.java:1144)
	at org.testng.TestNG.run(TestNG.java:1115)
	at testng.runner.TestRunner.main(TestRunner.java:33)
</pre></div></td>
<td>0</td>
<td>testng.calculator.MultDoubleTest@66133adc</td></tr>
<tr>
<td title='testng.calculator.MultDoubleTest.testMultDouble()'><b>testMultDouble</b><br>Test class: testng.calculator.MultDoubleTest<br>Parameters: 2.1, -1.1, -2.31</td>
<td><div><pre>java.lang.AssertionError: expected [-2.31] but found [-3.0]
	at testng.calculator.MultDoubleTest.testMultDouble(MultDoubleTest.java:14)
	at testng.runner.TestRunner.main(TestRunner.java:33)
... Removed 28 stack frames</pre></div><a href='#' onClick='toggleBox("stack-trace863831416", this, "Click to show all stack frames", "Click to hide stack frames")'>Click to show all stack frames</a>
<div class='stack-trace' id='stack-trace863831416'><pre>java.lang.AssertionError: expected [-2.31] but found [-3.0]
	at org.testng.Assert.fail(Assert.java:93)
	at org.testng.Assert.failNotEquals(Assert.java:512)
	at org.testng.Assert.assertEqualsImpl(Assert.java:134)
	at org.testng.Assert.assertEquals(Assert.java:115)
	at org.testng.Assert.assertEquals(Assert.java:178)
	at testng.calculator.MultDoubleTest.testMultDouble(MultDoubleTest.java:14)
	at sun.reflect.NativeMethodAccessorImpl.invoke0(Native Method)
	at sun.reflect.NativeMethodAccessorImpl.invoke(NativeMethodAccessorImpl.java:62)
	at sun.reflect.DelegatingMethodAccessorImpl.invoke(DelegatingMethodAccessorImpl.java:43)
	at java.lang.reflect.Method.invoke(Method.java:498)
	at org.testng.internal.MethodInvocationHelper.invokeMethod(MethodInvocationHelper.java:108)
	at org.testng.internal.Invoker.invokeMethod(Invoker.java:661)
	at org.testng.internal.Invoker.invokeTestMethod(Invoker.java:869)
	at org.testng.internal.Invoker.invokeTestMethods(Invoker.java:1193)
	at org.testng.internal.TestMethodWorker.invokeTestMethods(TestMethodWorker.java:126)
	at org.testng.internal.TestMethodWorker.run(TestMethodWorker.java:109)
	at org.testng.TestRunner.privateRun(TestRunner.java:744)
	at org.testng.TestRunner.run(TestRunner.java:602)
	at org.testng.SuiteRunner.runTest(SuiteRunner.java:380)
	at org.testng.SuiteRunner.runSequentially(SuiteRunner.java:375)
	at org.testng.SuiteRunner.privateRun(SuiteRunner.java:340)
	at org.testng.SuiteRunner.run(SuiteRunner.java:289)
	at org.testng.SuiteRunnerWorker.runSuite(SuiteRunnerWorker.java:52)
	at org.testng.SuiteRunnerWorker.run(SuiteRunnerWorker.java:86)
	at org.testng.TestNG.runSuitesSequentially(TestNG.java:1301)
	at org.testng.TestNG.runSuitesSequentially(TestNG.java:1297)
	at org.testng.TestNG.runSuitesLocally(TestNG.java:1226)
	at org.testng.TestNG.runSuites(TestNG.java:1144)
	at org.testng.TestNG.run(TestNG.java:1115)
	at testng.runner.TestRunner.main(TestRunner.java:33)
</pre></div></td>
<td>0</td>
<td>testng.calculator.MultDoubleTest@66133adc</td></tr>
<tr>
<td title='testng.calculator.MultDoubleTest.testMultDouble()'><b>testMultDouble</b><br>Test class: testng.calculator.MultDoubleTest<br>Parameters: 1.555, 1.0, 1.555</td>
<td><div><pre>java.lang.AssertionError: expected [1.555] but found [1.0]
	at testng.calculator.MultDoubleTest.testMultDouble(MultDoubleTest.java:14)
	at testng.runner.TestRunner.main(TestRunner.java:33)
... Removed 28 stack frames</pre></div><a href='#' onClick='toggleBox("stack-trace1508395126", this, "Click to show all stack frames", "Click to hide stack frames")'>Click to show all stack frames</a>
<div class='stack-trace' id='stack-trace1508395126'><pre>java.lang.AssertionError: expected [1.555] but found [1.0]
	at org.testng.Assert.fail(Assert.java:93)
	at org.testng.Assert.failNotEquals(Assert.java:512)
	at org.testng.Assert.assertEqualsImpl(Assert.java:134)
	at org.testng.Assert.assertEquals(Assert.java:115)
	at org.testng.Assert.assertEquals(Assert.java:178)
	at testng.calculator.MultDoubleTest.testMultDouble(MultDoubleTest.java:14)
	at sun.reflect.NativeMethodAccessorImpl.invoke0(Native Method)
	at sun.reflect.NativeMethodAccessorImpl.invoke(NativeMethodAccessorImpl.java:62)
	at sun.reflect.DelegatingMethodAccessorImpl.invoke(DelegatingMethodAccessorImpl.java:43)
	at java.lang.reflect.Method.invoke(Method.java:498)
	at org.testng.internal.MethodInvocationHelper.invokeMethod(MethodInvocationHelper.java:108)
	at org.testng.internal.Invoker.invokeMethod(Invoker.java:661)
	at org.testng.internal.Invoker.invokeTestMethod(Invoker.java:869)
	at org.testng.internal.Invoker.invokeTestMethods(Invoker.java:1193)
	at org.testng.internal.TestMethodWorker.invokeTestMethods(TestMethodWorker.java:126)
	at org.testng.internal.TestMethodWorker.run(TestMethodWorker.java:109)
	at org.testng.TestRunner.privateRun(TestRunner.java:744)
	at org.testng.TestRunner.run(TestRunner.java:602)
	at org.testng.SuiteRunner.runTest(SuiteRunner.java:380)
	at org.testng.SuiteRunner.runSequentially(SuiteRunner.java:375)
	at org.testng.SuiteRunner.privateRun(SuiteRunner.java:340)
	at org.testng.SuiteRunner.run(SuiteRunner.java:289)
	at org.testng.SuiteRunnerWorker.runSuite(SuiteRunnerWorker.java:52)
	at org.testng.SuiteRunnerWorker.run(SuiteRunnerWorker.java:86)
	at org.testng.TestNG.runSuitesSequentially(TestNG.java:1301)
	at org.testng.TestNG.runSuitesSequentially(TestNG.java:1297)
	at org.testng.TestNG.runSuitesLocally(TestNG.java:1226)
	at org.testng.TestNG.runSuites(TestNG.java:1144)
	at org.testng.TestNG.run(TestNG.java:1115)
	at testng.runner.TestRunner.main(TestRunner.java:33)
</pre></div></td>
<td>0</td>
<td>testng.calculator.MultDoubleTest@66133adc</td></tr>
<tr>
<td title='testng.calculator.SubDoubleTest.testSubDouble()'><b>testSubDouble</b><br>Test class: testng.calculator.SubDoubleTest<br>Parameters: 1.5555, 1.0, 0.5555</td>
<td><div><pre>java.lang.AssertionError: expected [0.5555] but found [0.5555000000000001]
	at testng.calculator.SubDoubleTest.testSubDouble(SubDoubleTest.java:14)
	at testng.runner.TestRunner.main(TestRunner.java:33)
... Removed 28 stack frames</pre></div><a href='#' onClick='toggleBox("stack-trace1387228415", this, "Click to show all stack frames", "Click to hide stack frames")'>Click to show all stack frames</a>
<div class='stack-trace' id='stack-trace1387228415'><pre>java.lang.AssertionError: expected [0.5555] but found [0.5555000000000001]
	at org.testng.Assert.fail(Assert.java:93)
	at org.testng.Assert.failNotEquals(Assert.java:512)
	at org.testng.Assert.assertEqualsImpl(Assert.java:134)
	at org.testng.Assert.assertEquals(Assert.java:115)
	at org.testng.Assert.assertEquals(Assert.java:178)
	at testng.calculator.SubDoubleTest.testSubDouble(SubDoubleTest.java:14)
	at sun.reflect.NativeMethodAccessorImpl.invoke0(Native Method)
	at sun.reflect.NativeMethodAccessorImpl.invoke(NativeMethodAccessorImpl.java:62)
	at sun.reflect.DelegatingMethodAccessorImpl.invoke(DelegatingMethodAccessorImpl.java:43)
	at java.lang.reflect.Method.invoke(Method.java:498)
	at org.testng.internal.MethodInvocationHelper.invokeMethod(MethodInvocationHelper.java:108)
	at org.testng.internal.Invoker.invokeMethod(Invoker.java:661)
	at org.testng.internal.Invoker.invokeTestMethod(Invoker.java:869)
	at org.testng.internal.Invoker.invokeTestMethods(Invoker.java:1193)
	at org.testng.internal.TestMethodWorker.invokeTestMethods(TestMethodWorker.java:126)
	at org.testng.internal.TestMethodWorker.run(TestMethodWorker.java:109)
	at org.testng.TestRunner.privateRun(TestRunner.java:744)
	at org.testng.TestRunner.run(TestRunner.java:602)
	at org.testng.SuiteRunner.runTest(SuiteRunner.java:380)
	at org.testng.SuiteRunner.runSequentially(SuiteRunner.java:375)
	at org.testng.SuiteRunner.privateRun(SuiteRunner.java:340)
	at org.testng.SuiteRunner.run(SuiteRunner.java:289)
	at org.testng.SuiteRunnerWorker.runSuite(SuiteRunnerWorker.java:52)
	at org.testng.SuiteRunnerWorker.run(SuiteRunnerWorker.java:86)
	at org.testng.TestNG.runSuitesSequentially(TestNG.java:1301)
	at org.testng.TestNG.runSuitesSequentially(TestNG.java:1297)
	at org.testng.TestNG.runSuitesLocally(TestNG.java:1226)
	at org.testng.TestNG.runSuites(TestNG.java:1144)
	at org.testng.TestNG.run(TestNG.java:1115)
	at testng.runner.TestRunner.main(TestRunner.java:33)
</pre></div></td>
<td>0</td>
<td>testng.calculator.SubDoubleTest@449b2d27</td></tr>
<tr>
<td title='testng.calculator.SumDoubleTest.testSumDouble()'><b>testSumDouble</b><br>Test class: testng.calculator.SumDoubleTest<br>Parameters: 1.5555, 1.0, 2.5555</td>
<td><div><pre>java.lang.AssertionError: expected [2.5555] but found [2.5555000000000003]
	at testng.calculator.SumDoubleTest.testSumDouble(SumDoubleTest.java:15)
	at testng.runner.TestRunner.main(TestRunner.java:33)
... Removed 28 stack frames</pre></div><a href='#' onClick='toggleBox("stack-trace759156157", this, "Click to show all stack frames", "Click to hide stack frames")'>Click to show all stack frames</a>
<div class='stack-trace' id='stack-trace759156157'><pre>java.lang.AssertionError: expected [2.5555] but found [2.5555000000000003]
	at org.testng.Assert.fail(Assert.java:93)
	at org.testng.Assert.failNotEquals(Assert.java:512)
	at org.testng.Assert.assertEqualsImpl(Assert.java:134)
	at org.testng.Assert.assertEquals(Assert.java:115)
	at org.testng.Assert.assertEquals(Assert.java:178)
	at testng.calculator.SumDoubleTest.testSumDouble(SumDoubleTest.java:15)
	at sun.reflect.NativeMethodAccessorImpl.invoke0(Native Method)
	at sun.reflect.NativeMethodAccessorImpl.invoke(NativeMethodAccessorImpl.java:62)
	at sun.reflect.DelegatingMethodAccessorImpl.invoke(DelegatingMethodAccessorImpl.java:43)
	at java.lang.reflect.Method.invoke(Method.java:498)
	at org.testng.internal.MethodInvocationHelper.invokeMethod(MethodInvocationHelper.java:108)
	at org.testng.internal.Invoker.invokeMethod(Invoker.java:661)
	at org.testng.internal.Invoker.invokeTestMethod(Invoker.java:869)
	at org.testng.internal.Invoker.invokeTestMethods(Invoker.java:1193)
	at org.testng.internal.TestMethodWorker.invokeTestMethods(TestMethodWorker.java:126)
	at org.testng.internal.TestMethodWorker.run(TestMethodWorker.java:109)
	at org.testng.TestRunner.privateRun(TestRunner.java:744)
	at org.testng.TestRunner.run(TestRunner.java:602)
	at org.testng.SuiteRunner.runTest(SuiteRunner.java:380)
	at org.testng.SuiteRunner.runSequentially(SuiteRunner.java:375)
	at org.testng.SuiteRunner.privateRun(SuiteRunner.java:340)
	at org.testng.SuiteRunner.run(SuiteRunner.java:289)
	at org.testng.SuiteRunnerWorker.runSuite(SuiteRunnerWorker.java:52)
	at org.testng.SuiteRunnerWorker.run(SuiteRunnerWorker.java:86)
	at org.testng.TestNG.runSuitesSequentially(TestNG.java:1301)
	at org.testng.TestNG.runSuitesSequentially(TestNG.java:1297)
	at org.testng.TestNG.runSuitesLocally(TestNG.java:1226)
	at org.testng.TestNG.runSuites(TestNG.java:1144)
	at org.testng.TestNG.run(TestNG.java:1115)
	at testng.runner.TestRunner.main(TestRunner.java:33)
</pre></div></td>
<td>0</td>
<td>testng.calculator.SumDoubleTest@490d6c15</td></tr>
</table><p>
<table width='100%' border='1' class='invocation-passed'>
<tr><td colspan='4' align='center'><b>PASSED TESTS</b></td></tr>
<tr><td><b>Test method</b></td>
<td width="30%"><b>Exception</b></td>
<td width="10%"><b>Time (seconds)</b></td>
<td><b>Instance</b></td>
</tr>
<tr>
<td title='testng.calculator.DivLongTest.divByZero()'><b>divByZero</b><br>Test class: testng.calculator.DivLongTest</td>
<td><div><pre>java.lang.NumberFormatException: Attempt to divide by zero
	at com.epam.tat.module4.Calculator.div(Calculator.java:34)
	at testng.calculator.DivLongTest.divByZero(DivLongTest.java:19)
	at testng.runner.TestRunner.main(TestRunner.java:33)
... Removed 23 stack frames</pre></div><a href='#' onClick='toggleBox("stack-trace331844619", this, "Click to show all stack frames", "Click to hide stack frames")'>Click to show all stack frames</a>
<div class='stack-trace' id='stack-trace331844619'><pre>java.lang.NumberFormatException: Attempt to divide by zero
	at com.epam.tat.module4.Calculator.div(Calculator.java:34)
	at testng.calculator.DivLongTest.divByZero(DivLongTest.java:19)
	at sun.reflect.NativeMethodAccessorImpl.invoke0(Native Method)
	at sun.reflect.NativeMethodAccessorImpl.invoke(NativeMethodAccessorImpl.java:62)
	at sun.reflect.DelegatingMethodAccessorImpl.invoke(DelegatingMethodAccessorImpl.java:43)
	at java.lang.reflect.Method.invoke(Method.java:498)
	at org.testng.internal.MethodInvocationHelper.invokeMethod(MethodInvocationHelper.java:108)
	at org.testng.internal.Invoker.invokeMethod(Invoker.java:661)
	at org.testng.internal.Invoker.invokeTestMethod(Invoker.java:869)
	at org.testng.internal.Invoker.invokeTestMethods(Invoker.java:1193)
	at org.testng.internal.TestMethodWorker.invokeTestMethods(TestMethodWorker.java:126)
	at org.testng.internal.TestMethodWorker.run(TestMethodWorker.java:109)
	at org.testng.TestRunner.privateRun(TestRunner.java:744)
	at org.testng.TestRunner.run(TestRunner.java:602)
	at org.testng.SuiteRunner.runTest(SuiteRunner.java:380)
	at org.testng.SuiteRunner.runSequentially(SuiteRunner.java:375)
	at org.testng.SuiteRunner.privateRun(SuiteRunner.java:340)
	at org.testng.SuiteRunner.run(SuiteRunner.java:289)
	at org.testng.SuiteRunnerWorker.runSuite(SuiteRunnerWorker.java:52)
	at org.testng.SuiteRunnerWorker.run(SuiteRunnerWorker.java:86)
	at org.testng.TestNG.runSuitesSequentially(TestNG.java:1301)
	at org.testng.TestNG.runSuitesSequentially(TestNG.java:1297)
	at org.testng.TestNG.runSuitesLocally(TestNG.java:1226)
	at org.testng.TestNG.runSuites(TestNG.java:1144)
	at org.testng.TestNG.run(TestNG.java:1115)
	at testng.runner.TestRunner.main(TestRunner.java:33)
</pre></div></td>
<td>0</td>
<td>testng.calculator.DivLongTest@27082746</td></tr>
<tr>
<td title='testng.calculator.DivDoubleTest.testDivDouble()'><b>testDivDouble</b><br>Test class: testng.calculator.DivDoubleTest<br>Parameters: -8.0, 4.0, -2.0</td>
<td></td>
<td>0</td>
<td>testng.calculator.DivDoubleTest@5479e3f</td></tr>
<tr>
<td title='testng.calculator.DivDoubleTest.testDivDouble()'><b>testDivDouble</b><br>Test class: testng.calculator.DivDoubleTest<br>Parameters: -4.0, -2.5, 1.6</td>
<td></td>
<td>0</td>
<td>testng.calculator.DivDoubleTest@5479e3f</td></tr>
<tr>
<td title='testng.calculator.DivDoubleTest.testDivDouble()'><b>testDivDouble</b><br>Test class: testng.calculator.DivDoubleTest<br>Parameters: 2.6, -1.0, -2.6</td>
<td></td>
<td>0</td>
<td>testng.calculator.DivDoubleTest@5479e3f</td></tr>
<tr>
<td title='testng.calculator.DivDoubleTest.testDivDouble()'><b>testDivDouble</b><br>Test class: testng.calculator.DivDoubleTest<br>Parameters: 20.8, 2.0, 10.4</td>
<td></td>
<td>0</td>
<td>testng.calculator.DivDoubleTest@5479e3f</td></tr>
<tr>
<td title='testng.calculator.DivLongTest.testDivLong()'><b>testDivLong</b><br>Test class: testng.calculator.DivLongTest<br>Parameters: -8, 4, -2</td>
<td></td>
<td>0</td>
<td>testng.calculator.DivLongTest@27082746</td></tr>
<tr>
<td title='testng.calculator.DivLongTest.testDivLong()'><b>testDivLong</b><br>Test class: testng.calculator.DivLongTest<br>Parameters: -4, -2, 2</td>
<td></td>
<td>0</td>
<td>testng.calculator.DivLongTest@27082746</td></tr>
<tr>
<td title='testng.calculator.DivLongTest.testDivLong()'><b>testDivLong</b><br>Test class: testng.calculator.DivLongTest<br>Parameters: 2, -1, -2</td>
<td></td>
<td>0</td>
<td>testng.calculator.DivLongTest@27082746</td></tr>
<tr>
<td title='testng.calculator.DivLongTest.testDivLong()'><b>testDivLong</b><br>Test class: testng.calculator.DivLongTest<br>Parameters: 2000, 1000, 2</td>
<td></td>
<td>0</td>
<td>testng.calculator.DivLongTest@27082746</td></tr>
<tr>
<td title='testng.calculator.MultDoubleTest.testMultDouble()'><b>testMultDouble</b><br>Test class: testng.calculator.MultDoubleTest<br>Parameters: 2.0, 1.0, 2.0</td>
<td></td>
<td>0</td>
<td>testng.calculator.MultDoubleTest@66133adc</td></tr>
<tr>
<td title='testng.calculator.MultDoubleTest.testMultDouble()'><b>testMultDouble</b><br>Test class: testng.calculator.MultDoubleTest<br>Parameters: 0.0, 0.0, 0.0</td>
<td></td>
<td>0</td>
<td>testng.calculator.MultDoubleTest@66133adc</td></tr>
<tr>
<td title='testng.calculator.MultDoubleTest.testMultDouble()'><b>testMultDouble</b><br>Test class: testng.calculator.MultDoubleTest<br>Parameters: 20.0, 1.5, 30.0</td>
<td></td>
<td>0</td>
<td>testng.calculator.MultDoubleTest@66133adc</td></tr>
<tr>
<td title='testng.calculator.MultLongTest.testMultLong()'><b>testMultLong</b><br>Test class: testng.calculator.MultLongTest<br>Parameters: -1, 0, 0</td>
<td></td>
<td>0</td>
<td>testng.calculator.MultLongTest@7bfcd12c</td></tr>
<tr>
<td title='testng.calculator.MultLongTest.testMultLong()'><b>testMultLong</b><br>Test class: testng.calculator.MultLongTest<br>Parameters: 0, 0, 0</td>
<td></td>
<td>0</td>
<td>testng.calculator.MultLongTest@7bfcd12c</td></tr>
<tr>
<td title='testng.calculator.MultLongTest.testMultLong()'><b>testMultLong</b><br>Test class: testng.calculator.MultLongTest<br>Parameters: -1, -2, 2</td>
<td></td>
<td>0</td>
<td>testng.calculator.MultLongTest@7bfcd12c</td></tr>
<tr>
<td title='testng.calculator.MultLongTest.testMultLong()'><b>testMultLong</b><br>Test class: testng.calculator.MultLongTest<br>Parameters: 2, -1, -2</td>
<td></td>
<td>0</td>
<td>testng.calculator.MultLongTest@7bfcd12c</td></tr>
<tr>
<td title='testng.calculator.MultLongTest.testMultLong()'><b>testMultLong</b><br>Test class: testng.calculator.MultLongTest<br>Parameters: 1500, 2, 3000</td>
<td></td>
<td>0</td>
<td>testng.calculator.MultLongTest@7bfcd12c</td></tr>
<tr>
<td title='testng.calculator.SubDoubleTest.testSubDouble()'><b>testSubDouble</b><br>Test class: testng.calculator.SubDoubleTest<br>Parameters: 2.0, 1.0, 1.0</td>
<td></td>
<td>0</td>
<td>testng.calculator.SubDoubleTest@449b2d27</td></tr>
<tr>
<td title='testng.calculator.SubDoubleTest.testSubDouble()'><b>testSubDouble</b><br>Test class: testng.calculator.SubDoubleTest<br>Parameters: 0.0, 0.0, 0.0</td>
<td></td>
<td>0</td>
<td>testng.calculator.SubDoubleTest@449b2d27</td></tr>
<tr>
<td title='testng.calculator.SubDoubleTest.testSubDouble()'><b>testSubDouble</b><br>Test class: testng.calculator.SubDoubleTest<br>Parameters: -1.1, -1.1, 0.0</td>
<td></td>
<td>0</td>
<td>testng.calculator.SubDoubleTest@449b2d27</td></tr>
<tr>
<td title='testng.calculator.SubDoubleTest.testSubDouble()'><b>testSubDouble</b><br>Test class: testng.calculator.SubDoubleTest<br>Parameters: 2.1, -1.1, 3.2</td>
<td></td>
<td>0</td>
<td>testng.calculator.SubDoubleTest@449b2d27</td></tr>
<tr>
<td title='testng.calculator.SubDoubleTest.testSubDouble()'><b>testSubDouble</b><br>Test class: testng.calculator.SubDoubleTest<br>Parameters: 20.0, 1.5, 18.5</td>
<td></td>
<td>0</td>
<td>testng.calculator.SubDoubleTest@449b2d27</td></tr>
<tr>
<td title='testng.calculator.SubLongTest.testSubLong()'><b>testSubLong</b><br>Test class: testng.calculator.SubLongTest<br>Parameters: 2, 1, 1</td>
<td></td>
<td>0</td>
<td>testng.calculator.SubLongTest@7d4793a8</td></tr>
<tr>
<td title='testng.calculator.SubLongTest.testSubLong()'><b>testSubLong</b><br>Test class: testng.calculator.SubLongTest<br>Parameters: 0, 0, 0</td>
<td></td>
<td>0</td>
<td>testng.calculator.SubLongTest@7d4793a8</td></tr>
<tr>
<td title='testng.calculator.SubLongTest.testSubLong()'><b>testSubLong</b><br>Test class: testng.calculator.SubLongTest<br>Parameters: -1, -2, 1</td>
<td></td>
<td>0</td>
<td>testng.calculator.SubLongTest@7d4793a8</td></tr>
<tr>
<td title='testng.calculator.SubLongTest.testSubLong()'><b>testSubLong</b><br>Test class: testng.calculator.SubLongTest<br>Parameters: 2, -1, 3</td>
<td></td>
<td>0</td>
<td>testng.calculator.SubLongTest@7d4793a8</td></tr>
<tr>
<td title='testng.calculator.SubLongTest.testSubLong()'><b>testSubLong</b><br>Test class: testng.calculator.SubLongTest<br>Parameters: 1500, 2500, -1000</td>
<td></td>
<td>0</td>
<td>testng.calculator.SubLongTest@7d4793a8</td></tr>
<tr>
<td title='testng.calculator.SumLongTest.testSum()'><b>testSum</b><br>Test class: testng.calculator.SumLongTest<br>Parameters: 1, 1, 2</td>
<td></td>
<td>0</td>
<td>testng.calculator.SumLongTest@768debd</td></tr>
<tr>
<td title='testng.calculator.SumLongTest.testSum()'><b>testSum</b><br>Test class: testng.calculator.SumLongTest<br>Parameters: 0, 0, 0</td>
<td></td>
<td>0</td>
<td>testng.calculator.SumLongTest@768debd</td></tr>
<tr>
<td title='testng.calculator.SumLongTest.testSum()'><b>testSum</b><br>Test class: testng.calculator.SumLongTest<br>Parameters: -1, -1, -2</td>
<td></td>
<td>0</td>
<td>testng.calculator.SumLongTest@768debd</td></tr>
<tr>
<td title='testng.calculator.SumLongTest.testSum()'><b>testSum</b><br>Test class: testng.calculator.SumLongTest<br>Parameters: 2, -1, 1</td>
<td></td>
<td>0</td>
<td>testng.calculator.SumLongTest@768debd</td></tr>
<tr>
<td title='testng.calculator.SumLongTest.testSum()'><b>testSum</b><br>Test class: testng.calculator.SumLongTest<br>Parameters: 5000, 5000, 10000</td>
<td></td>
<td>0</td>
<td>testng.calculator.SumLongTest@768debd</td></tr>
<tr>
<td title='testng.calculator.SumLongTest.testSum()'><b>testSum</b><br>Test class: testng.calculator.SumLongTest<br>Parameters: -5, 2, -3</td>
<td></td>
<td>0</td>
<td>testng.calculator.SumLongTest@768debd</td></tr>
<tr>
<td title='testng.calculator.SumDoubleTest.testSumDouble()'><b>testSumDouble</b><br>Test class: testng.calculator.SumDoubleTest<br>Parameters: 1.0, 1.0, 2.0</td>
<td></td>
<td>0</td>
<td>testng.calculator.SumDoubleTest@490d6c15</td></tr>
<tr>
<td title='testng.calculator.SumDoubleTest.testSumDouble()'><b>testSumDouble</b><br>Test class: testng.calculator.SumDoubleTest<br>Parameters: 0.0, 0.0, 0.0</td>
<td></td>
<td>0</td>
<td>testng.calculator.SumDoubleTest@490d6c15</td></tr>
<tr>
<td title='testng.calculator.SumDoubleTest.testSumDouble()'><b>testSumDouble</b><br>Test class: testng.calculator.SumDoubleTest<br>Parameters: -1.5, -1.6, -3.1</td>
<td></td>
<td>0</td>
<td>testng.calculator.SumDoubleTest@490d6c15</td></tr>
<tr>
<td title='testng.calculator.SumDoubleTest.testSumDouble()'><b>testSumDouble</b><br>Test class: testng.calculator.SumDoubleTest<br>Parameters: 2.1, -1.1, 1.0</td>
<td></td>
<td>0</td>
<td>testng.calculator.SumDoubleTest@490d6c15</td></tr>
<tr>
<td title='testng.calculator.SumDoubleTest.testSumDouble()'><b>testSumDouble</b><br>Test class: testng.calculator.SumDoubleTest<br>Parameters: 2.5, 2.5, 5.0</td>
<td></td>
<td>0</td>
<td>testng.calculator.SumDoubleTest@490d6c15</td></tr>
</table><p>
</body>
</html>